app/build/outputs/mapping/debug/seeds.txt
io.github.brightennnn.mmtokenmonitor.domain.model.AppFontSizes
io.github.brightennnn.mmtokenmonitor.data.remote.TokenPlanResponse
io.github.brightennnn.mmtokenmonitor.data.repository.ThemeRepository$saveDarkMode$2
io.github.brightennnn.mmtokenmonitor.data.repository.ThemeRepository
io.github.brightennnn.mmtokenmonitor.data.repository.FontSizeRepository$special$$inlined$map$3$2$1
io.github.brightennnn.mmtokenmonitor.ui.screens.home.HomeViewModel
io.github.brightennnn.mmtokenmonitor.data.repository.ThemeRepository$special$$inlined$map$1
io.github.brightennnn.mmtokenmonitor.data.repository.FontSizeRepository$special$$inlined$map$1
io.github.brightennnn.mmtokenmonitor.data.repository.ThemeRepositoryEntryPoint
io.github.brightennnn.mmtokenmonitor.data.repository.FontSizeRepository$special$$inlined$map$2$2$1
io.github.brightennnn.mmtokenmonitor.data.repository.TokenRepositoryImpl_Factory
io.github.brightennnn.mmtokenmonitor.domain.model.DarkMode
io.github.brightennnn.mmtokenmonitor.domain.model.ModelQuota
io.github.brightennnn.mmtokenmonitor.data.repository.ThemeRepository_Factory
io.github.brightennnn.mmtokenmonitor.data.repository.TokenRepositoryImpl$saveApiKey$2
io.github.brightennnn.mmtokenmonitor.data.repository.TokenRepositoryImpl$special$$inlined$map$2
io.github.brightennnn.mmtokenmonitor.data.repository.FontSizeRepository$special$$inlined$map$2$2
io.github.brightennnn.mmtokenmonitor.widget.WidgetAlarmReceiver
io.github.brightennnn.mmtokenmonitor.data.repository.TokenRepositoryImpl$special$$inlined$map$1
io.github.brightennnn.mmtokenmonitor.data.repository.FontSizeRepository$saveWidgetFontSizes$2
io.github.brightennnn.mmtokenmonitor.data.repository.ThemeRepository$saveDynamicColor$2
io.github.brightennnn.mmtokenmonitor.data.repository.FontSizeRepository$special$$inlined$map$1$2$1
io.github.brightennnn.mmtokenmonitor.data.repository.TokenRepositoryImplKt
io.github.brightennnn.mmtokenmonitor.data.repository.TokenRepositoryImpl$updateApiKeyProfile$2
io.github.brightennnn.mmtokenmonitor.widget.GlanceWeeklyWidgetReceiver
io.github.brightennnn.mmtokenmonitor.MainActivity_GeneratedInjector
io.github.brightennnn.mmtokenmonitor.domain.model.DarkMode$Companion
io.github.brightennnn.mmtokenmonitor.data.repository.FontSizeRepository$special$$inlined$map$3
io.github.brightennnn.mmtokenmonitor.data.repository.FontSizeRepository$special$$inlined$map$1$2
io.github.brightennnn.mmtokenmonitor.data.repository.TokenRepositoryImpl
io.github.brightennnn.mmtokenmonitor.MiniMaxTokenApp
io.github.brightennnn.mmtokenmonitor.data.repository.TokenRepositoryImpl$special$$inlined$map$1$2
io.github.brightennnn.mmtokenmonitor.data.repository.FontSizeRepository
io.github.brightennnn.mmtokenmonitor.domain.model.ThemeSettings
io.github.brightennnn.mmtokenmonitor.data.repository.FontSizeRepository$special$$inlined$map$2
io.github.brightennnn.mmtokenmonitor.ui.screens.settings.SettingsViewModel
io.github.brightennnn.mmtokenmonitor.data.repository.TokenRepositoryImpl$fetchQuotas$1
io.github.brightennnn.mmtokenmonitor.data.repository.FontSizeRepository$Keys
io.github.brightennnn.mmtokenmonitor.data.repository.ThemeRepository$special$$inlined$map$1$2
io.github.brightennnn.mmtokenmonitor.widget.GlanceIntervalWidgetReceiver
io.github.brightennnn.mmtokenmonitor.data.repository.ThemeRepositoryKt
io.github.brightennnn.mmtokenmonitor.data.repository.TokenRepositoryImpl$clearAllApiKeys$2
io.github.brightennnn.mmtokenmonitor.data.repository.ThemeRepository$Keys
io.github.brightennnn.mmtokenmonitor.domain.model.ApiKeyProfile
io.github.brightennnn.mmtokenmonitor.data.repository.FontSizeRepository$saveAppFontSizes$2
io.github.brightennnn.mmtokenmonitor.data.repository.TokenRepositoryImpl$setActiveApiKey$2
io.github.brightennnn.mmtokenmonitor.data.repository.TokenRepositoryImpl$special$$inlined$map$2$2$1
io.github.brightennnn.mmtokenmonitor.MiniMaxTokenApp_GeneratedInjector
io.github.brightennnn.mmtokenmonitor.data.repository.TokenRepositoryImpl$PrefsKeys
...
androidx.glance.text.TextAlign$Companion: int getCenter-ROrN78o()
androidx.glance.appwidget.protobuf.CodedInputStream$ArrayDecoder: void skipRawBytes(int)
androidx.glance.appwidget.protobuf.AbstractMessageLite$Builder: androidx.glance.appwidget.protobuf.MessageLite$Builder mergeFrom(androidx.glance.appwidget.protobuf.CodedInputStream)
androidx.glance.appwidget.protobuf.Value: void setStringValue(java.lang.String)
androidx.glance.unit.Dimension$Expand: Dimension$Expand()
com.google.android.material.textfield.TextInputEditText: TextInputEditText(android.content.Context,android.util.AttributeSet)
androidx.glance.appwidget.protobuf.StringValue$Builder: androidx.glance.appwidget.protobuf.StringValue$Builder setValue(java.lang.String)
androidx.glance.appwidget.protobuf.CodedOutputStream: void writeEnumNoTag(int)
androidx.glance.appwidget.proto.LayoutProto$NodeIdentity: androidx.glance.appwidget.proto.LayoutProto$NodeIdentity[] values()
androidx.glance.ButtonKt: androidx.glance.text.EmittableText toEmittableText(androidx.glance.EmittableButton)
androidx.glance.appwidget.protobuf.MessageSchema: androidx.glance.appwidget.protobuf.MessageSchema newSchemaForMessageInfo(androidx.glance.appwidget.protobuf.StructuralMessageInfo,androidx.glance.appwidget.protobuf.NewInstanceSchema,androidx.glance.appwidget.protobuf.ListFieldSchema,androidx.glance.appwidget.protobuf.UnknownFieldSchema,androidx.glance.appwidget.protobuf.ExtensionSchema,androidx.glance.appwidget.protobuf.MapFieldSchema)
androidx.core.view.ViewCompat$Api26Impl: void setAutofillHints(android.view.View,java.lang.String[])
okhttp3.internal.concurrent.TaskQueue: boolean getShutdown$okhttp()
androidx.glance.appwidget.protobuf.MessageSchema: void mergeOneofMessage(java.lang.Object,java.lang.Object,int)
androidx.glance.appwidget.UnmanagedSessionReceiver$Companion: java.lang.Object registerSession(int,androidx.glance.appwidget.AppWidgetSession,kotlin.coroutines.Continuation)
androidx.glance.appwidget.protobuf.Api$Builder: androidx.glance.appwidget.protobuf.Api$Builder removeMixins(int)
androidx.glance.layout.PaddingDimension$Companion: PaddingDimension$Companion()
androidx.glance.appwidget.RemoteViewsInfo: java.lang.String toString()
androidx.glance.appwidget.protobuf.CodedInputStream$StreamDecoder: void enableAliasing(boolean)
androidx.appcompat.widget.AppCompatTextView: void setSupportBackgroundTintMode(android.graphics.PorterDuff$Mode)
com.google.gson.GsonBuilder: com.google.gson.GsonBuilder setDateFormat(int,int)
androidx.glance.appwidget.ContentReceiver: kotlin.coroutines.CoroutineContext$Key getKey()
androidx.glance.layout.PaddingInDp: androidx.glance.layout.PaddingInDp copy-erZIsFM$default(androidx.glance.layout.PaddingInDp,float,float,float,float,float,float,int,java.lang.Object)
androidx.glance.session.InteractiveFrameClock$startInteractive$2: InteractiveFrameClock$startInteractive$2(androidx.glance.session.InteractiveFrameClock,kotlin.coroutines.Continuation)
okhttp3.internal.http2.Http2Reader: void readConnectionPreface(okhttp3.internal.http2.Http2Reader$Handler)
androidx.glance.appwidget.protobuf.Value: void access$800(androidx.glance.appwidget.protobuf.Value)
okhttp3.Dispatcher: int getMaxRequestsPerHost()
androidx.glance.appwidget.protobuf.SourceContext: void setFileName(java.lang.String)
androidx.glance.appwidget.protobuf.RopeByteString$1: boolean hasNext()
androidx.glance.appwidget.protobuf.Type: androidx.glance.appwidget.protobuf.Type getDefaultInstance()
androidx.compose.ui.platform.AndroidComposeViewVerificationHelperMethodsN: void setPointerIcon(android.view.View,androidx.compose.ui.input.pointer.PointerIcon)
androidx.glance.appwidget.protobuf.BinaryWriter: void writeMessageSetItem(int,java.lang.Object)
okhttp3.internal.connection.RealConnection: void startHttp2(int)
androidx.glance.appwidget.protobuf.CodedOutputStream$OutputStreamEncoder: void writeMessage(int,androidx.glance.appwidget.protobuf.MessageLite,androidx.glance.appwidget.protobuf.Schema)