app/build/outputs/mapping/debug/usage.txt
io.github.brightennnn.mmtokenmonitor.DaggerMiniMaxTokenApp_HiltComponents_SingletonC:
    private void <init>()
io.github.brightennnn.mmtokenmonitor.Hilt_MainActivity:
    void <init>(int)
io.github.brightennnn.mmtokenmonitor.MainActivity:
    public final void setThemeRepository(io.github.brightennnn.mmtokenmonitor.data.repository.ThemeRepository)
io.github.brightennnn.mmtokenmonitor.MainActivity_MembersInjector:
    private final javax.inject.Provider themeRepositoryProvider
    public void <init>(javax.inject.Provider)
    public static dagger.MembersInjector create(javax.inject.Provider)
    public void injectMembers(io.github.brightennnn.mmtokenmonitor.MainActivity)
    public synthetic bridge void injectMembers(java.lang.Object)
io.github.brightennnn.mmtokenmonitor.MiniMaxTokenApp:
    public static final int $stable
io.github.brightennnn.mmtokenmonitor.MiniMaxTokenApp_ComponentTreeDeps
io.github.brightennnn.mmtokenmonitor.MiniMaxTokenApp_HiltComponents$ActivityC$Builder
io.github.brightennnn.mmtokenmonitor.MiniMaxTokenApp_HiltComponents$ActivityCBuilderModule
io.github.brightennnn.mmtokenmonitor.MiniMaxTokenApp_HiltComponents$ActivityRetainedC$Builder
io.github.brightennnn.mmtokenmonitor.MiniMaxTokenApp_HiltComponents$ActivityRetainedCBuilderModule
io.github.brightennnn.mmtokenmonitor.MiniMaxTokenApp_HiltComponents$FragmentC$Builder
io.github.brightennnn.mmtokenmonitor.MiniMaxTokenApp_HiltComponents$FragmentCBuilderModule
io.github.brightennnn.mmtokenmonitor.MiniMaxTokenApp_HiltComponents$ServiceC$Builder
io.github.brightennnn.mmtokenmonitor.MiniMaxTokenApp_HiltComponents$ServiceCBuilderModule
io.github.brightennnn.mmtokenmonitor.MiniMaxTokenApp_HiltComponents$ViewC$Builder
io.github.brightennnn.mmtokenmonitor.MiniMaxTokenApp_HiltComponents$ViewCBuilderModule
io.github.brightennnn.mmtokenmonitor.MiniMaxTokenApp_HiltComponents$ViewModelC$Builder
io.github.brightennnn.mmtokenmonitor.MiniMaxTokenApp_HiltComponents$ViewModelCBuilderModule
io.github.brightennnn.mmtokenmonitor.MiniMaxTokenApp_HiltComponents$ViewWithFragmentC$Builder
io.github.brightennnn.mmtokenmonitor.MiniMaxTokenApp_HiltComponents$ViewWithFragmentCBuilderModule
io.github.brightennnn.mmtokenmonitor.MiniMaxTokenApp_HiltComponents
io.github.brightennnn.mmtokenmonitor.R$color
io.github.brightennnn.mmtokenmonitor.R$drawable:
    public static int canvas_progress
    public static int ic_launcher_adaptive
    public static int ic_launcher_background
    public static int ic_launcher_foreground
    public static int ic_launcher_foreground_text
    public static int ic_launcher_monochrome
    public static int liquid_fill_frame
    public static int weekly_wave_progress
    public static int widget_background
    public static int widget_progress_bar
    public static int widget_progress_bar_error
    private void <init>()
io.github.brightennnn.mmtokenmonitor.R$id:
    public static int widget_progress
    public static int widget_progress_interval
    public static int widget_progress_weekly
    public static int widget_refresh
    public static int widget_root
    public static int widget_title
    public static int widget_title_interval
    public static int widget_title_weekly
    public static int widget_total
    public static int widget_total_interval
    public static int widget_total_weekly
    public static int widget_update_time
    public static int widget_used
    public static int widget_used_interval
    public static int widget_used_weekly
    private void <init>()
io.github.brightennnn.mmtokenmonitor.R$layout:
    public static int combined_widget
    public static int glance_interval_widget
    public static int glance_weekly_widget
    public static int interval_widget
    public static int weekly_widget
    public static int widget_loading
    private void <init>()
io.github.brightennnn.mmtokenmonitor.R$mipmap
io.github.brightennnn.mmtokenmonitor.R$string
io.github.brightennnn.mmtokenmonitor.R$style
io.github.brightennnn.mmtokenmonitor.R$xml
...
androidx.compose.material.icons.automirrored.sharp.ChromeReaderModeKt
androidx.compose.material.icons.automirrored.sharp.CommentKt
androidx.compose.material.icons.automirrored.sharp.CompareArrowsKt
androidx.compose.material.icons.automirrored.sharp.ContactSupportKt
androidx.compose.material.icons.automirrored.sharp.DirectionsBikeKt
androidx.compose.material.icons.automirrored.sharp.DirectionsRunKt
androidx.compose.material.icons.automirrored.sharp.DirectionsWalkKt
androidx.compose.material.icons.automirrored.sharp.DriveFileMoveKt
androidx.compose.material.icons.automirrored.sharp.DvrKt
androidx.compose.material.icons.automirrored.sharp.EventNoteKt
androidx.compose.material.icons.automirrored.sharp.ExitToAppKt
androidx.compose.material.icons.automirrored.sharp.FactCheckKt
androidx.compose.material.icons.automirrored.sharp.FeaturedPlayListKt
androidx.compose.material.icons.automirrored.sharp.FeaturedVideoKt
androidx.compose.material.icons.automirrored.sharp.FeedKt
androidx.compose.material.icons.automirrored.sharp.FollowTheSignsKt
androidx.compose.material.icons.automirrored.sharp.FormatAlignLeftKt
androidx.compose.material.icons.automirrored.sharp.FormatAlignRightKt
androidx.compose.material.icons.automirrored.sharp.FormatIndentDecreaseKt
androidx.compose.material.icons.automirrored.sharp.FormatIndentIncreaseKt
androidx.compose.material.icons.automirrored.sharp.FormatListBulletedKt
androidx.compose.material.icons.automirrored.sharp.FormatTextdirectionLToRKt
androidx.compose.material.icons.automirrored.sharp.FormatTextdirectionRToLKt
androidx.compose.material.icons.automirrored.sharp.ForwardKt
androidx.compose.material.icons.automirrored.sharp.ForwardToInboxKt
androidx.compose.material.icons.automirrored.sharp.GradingKt
androidx.compose.material.icons.automirrored.sharp.HelpCenterKt
androidx.compose.material.icons.automirrored.sharp.HelpKt
androidx.compose.material.icons.automirrored.sharp.HelpOutlineKt
androidx.compose.material.icons.automirrored.sharp.InputKt
androidx.compose.material.icons.automirrored.sharp.InsertCommentKt
androidx.compose.material.icons.automirrored.sharp.InsertDriveFileKt
androidx.compose.material.icons.automirrored.sharp.KeyboardArrowLeftKt
androidx.compose.material.icons.automirrored.sharp.KeyboardArrowRightKt
androidx.compose.material.icons.automirrored.sharp.KeyboardBackspaceKt
androidx.compose.material.icons.automirrored.sharp.KeyboardReturnKt
androidx.compose.material.icons.automirrored.sharp.KeyboardTabKt
androidx.compose.material.icons.automirrored.sharp.LabelImportantKt
androidx.compose.material.icons.automirrored.sharp.LabelKt
androidx.compose.material.icons.automirrored.sharp.LabelOffKt
androidx.compose.material.icons.automirrored.sharp.LastPageKt
androidx.compose.material.icons.automirrored.sharp.LaunchKt
androidx.compose.material.icons.automirrored.sharp.LibraryBooksKt
androidx.compose.material.icons.automirrored.sharp.ListAltKt
androidx.compose.material.icons.automirrored.sharp.ListKt
androidx.compose.material.icons.automirrored.sharp.LiveHelpKt
androidx.compose.material.icons.automirrored.sharp.LoginKt
androidx.compose.material.icons.automirrored.sharp.LogoutKt
androidx.compose.material.icons.automirrored.sharp.ManageSearchKt
androidx.compose.material.icons.automirrored.sharp.MenuBookKt
androidx.compose.material.icons.automirrored.sharp.MenuOpenKt
androidx.compose.material.icons.automirrored.sharp.MergeTypeKt
androidx.compose.material.icons.automirrored.sharp.MessageKt
androidx.compose.material.icons.automirrored.sharp.MissedVideoCallKt
androidx.compose.material.icons.automirrored.sharp.MobileScreenShareKt
androidx.compose.material.icons.automirrored.sharp.MoreKt
androidx.compose.material.icons.automirrored.sharp.MultilineChartKt
androidx.compose.material.icons.automirrored.sharp.NavigateBeforeKt
androidx.compose.material.icons.automirrored.sharp.NavigateNextKt
androidx.compose.material.icons.automirrored.sharp.NextPlanKt
androidx.compose.material.icons.automirrored.sharp.NextWeekKt